<?xml version="1.0" encoding="UTF-8"?>
<!-- Generated by org.testng.reporters.JUnitReportReporter -->
<testsuite hostname="DESKTOP-88V4A8K" failures="0" tests="1" name="tdd.ParameterTest" time="0.001" errors="0" timestamp="2025-03-12T19:49:19 IST" skipped="0">
  <testcase classname="tdd.ParameterTest" name="launchGoogle" time="0.001"/>
</testsuite> <!-- tdd.ParameterTest -->
