<?xml version="1.0" encoding="UTF-8"?>
<!-- Generated by org.testng.reporters.JUnitReportReporter -->
<testsuite hostname="DESKTOP-88V4A8K" failures="0" tests="6" name="testCasesWithTestNg._1AllTestCases" time="169.979" errors="0" timestamp="2025-03-15T17:17:15 IST" skipped="0">
  <testcase classname="testCasesWithTestNg._1AllTestCases" name="login1" time="32.922"/>
  <testcase classname="testCasesWithTestNg._1AllTestCases" name="login2" time="32.634"/>
  <testcase classname="testCasesWithTestNg._1AllTestCases" name="registration" time="20.377"/>
  <testcase classname="testCasesWithTestNg._1AllTestCases" name="login3" time="48.472"/>
  <testcase classname="testCasesWithTestNg._1AllTestCases" name="login3" time="20.681"/>
  <testcase classname="testCasesWithTestNg._1AllTestCases" name="login3" time="14.893"/>
</testsuite> <!-- testCasesWithTestNg._1AllTestCases -->
