<?xml version="1.0" encoding="UTF-8"?>
<!-- Generated by org.testng.reporters.JUnitReportReporter -->
<testsuite hostname="DESKTOP-88V4A8K" failures="0" tests="3" name="tdd.TestNGConcepts" time="0.093" errors="0" timestamp="2025-03-15T17:17:15 IST" skipped="0">
  <testcase classname="tdd.TestNGConcepts" name="addToCart" time="0.084"/>
  <testcase classname="tdd.TestNGConcepts" name="login" time="0.004"/>
  <testcase classname="tdd.TestNGConcepts" name="registration" time="0.005"/>
</testsuite> <!-- tdd.TestNGConcepts -->
