<?xml version="1.0" encoding="UTF-8"?>
<!-- Generated by org.testng.reporters.JUnitReportReporter -->
<testsuite hostname="DESKTOP-88V4A8K" failures="0" tests="1" name="tdd.ParameterAnnotation" time="0.002" errors="0" timestamp="2025-03-15T17:17:15 IST" skipped="0">
  <testcase classname="tdd.ParameterAnnotation" name="getGoogleApplication" time="0.002"/>
</testsuite> <!-- tdd.ParameterAnnotation -->
