<?xml version="1.0" encoding="UTF-8"?>
<!-- Generated by org.testng.reporters.JUnitReportReporter -->
<testsuite hostname="DESKTOP-88V4A8K" failures="0" tests="3" name="tdd.TestNGConcepts" time="0.014" errors="0" timestamp="2025-03-12T19:49:19 IST" skipped="0">
  <testcase classname="tdd.TestNGConcepts" name="login" time="0.001"/>
  <testcase classname="tdd.TestNGConcepts" name="addToCart" time="0.002"/>
  <testcase classname="tdd.TestNGConcepts" name="registration" time="0.011"/>
</testsuite> <!-- tdd.TestNGConcepts -->
