<?xml version="1.0" encoding="UTF-8"?>
<!-- Generated by org.testng.reporters.JUnitReportReporter -->
<testsuite hostname="DESKTOP-88V4A8K" failures="0" tests="3" name="tdd.TestNgDataProviders" time="0.004" errors="0" timestamp="2025-03-15T17:17:15 IST" skipped="0">
  <testcase classname="tdd.TestNgDataProviders" name="registration" time="0.003"/>
  <testcase classname="tdd.TestNgDataProviders" name="registration" time="0.000"/>
  <testcase classname="tdd.TestNgDataProviders" name="registration" time="0.001"/>
</testsuite> <!-- tdd.TestNgDataProviders -->
